<?xml version="1.0" encoding="UTF-8"?>
<!-- Generated by org.testng.reporters.JUnitXMLReporter -->
<testsuite ignored="4" hostname="Vamsi" failures="0" tests="3" name="Test-2" time="0.084" errors="0" timestamp="2025-07-03T16:06:00 IST">
  <testcase classname="using.testng.CreateOrg" name="createContact_Test" time="0.0">
    <skipped/>
  </testcase> <!-- createContact_Test -->
  <testcase classname="using.testng.CreateOrgWithIndustry" name="createOrg_Industry" time="0.0">
    <skipped/>
  </testcase> <!-- createOrg_Industry -->
  <testcase classname="using.testng.CreateOrgWithPhone" name="create_PhoneNumber" time="0.0">
    <skipped/>
  </testcase> <!-- create_PhoneNumber -->
  <testcase classname="com.comcast.crm.basetest.BaseClass" name="@BeforeSuite configBS" time="0.0">
    <ignored/>
  </testcase> <!-- @BeforeSuite configBS -->
  <testcase classname="com.comcast.crm.basetest.BaseClass" name="@AfterSuite configAS" time="0.0">
    <ignored/>
  </testcase> <!-- @AfterSuite configAS -->
  <testcase classname="com.comcast.crm.basetest.BaseClass" name="@BeforeSuite configBS" time="0.0">
    <ignored/>
  </testcase> <!-- @BeforeSuite configBS -->
  <testcase classname="com.comcast.crm.basetest.BaseClass" name="@AfterSuite configAS" time="0.0">
    <ignored/>
  </testcase> <!-- @AfterSuite configAS -->
</testsuite> <!-- Test-2 -->
