<?xml version="1.0" encoding="UTF-8"?>
<!-- Generated by org.testng.reporters.JUnitReportReporter -->
<testsuite hostname="Vamsi" failures="0" tests="3" name="createorganization.CreateOrganizationTest" time="23.433" errors="0" timestamp="2025-07-03T17:09:43 IST" skipped="0">
  <testcase classname="createorganization.CreateOrganizationTest" name="createOrg_Industry" time="9.508"/>
  <system-out/>
  <testcase classname="createorganization.CreateOrganizationTest" name="createContact_Test" time="6.633"/>
  <system-out/>
  <testcase classname="createorganization.CreateOrganizationTest" name="create_PhoneNumber" time="7.292"/>
  <system-out/>
</testsuite> <!-- createorganization.CreateOrganizationTest -->
