<?xml version="1.0" encoding="UTF-8"?>
<!-- Generated by org.testng.reporters.JUnitReportReporter -->
<testsuite hostname="Vamsi" failures="0" tests="3" name="practice.test.GetProductInfoTest" time="19.959" errors="0" timestamp="2025-07-01T22:00:54 IST" skipped="0">
  <testcase classname="practice.test.GetProductInfoTest" name="getProductInfoTest" time="4.885"/>
  <system-out/>
  <testcase classname="practice.test.GetProductInfoTest" name="getProductInfoTest" time="10.518"/>
  <system-out/>
  <testcase classname="practice.test.GetProductInfoTest" name="getProductInfoTest" time="4.556"/>
  <system-out/>
</testsuite> <!-- practice.test.GetProductInfoTest -->
