<?xml version="1.0" encoding="UTF-8"?>
<!-- Generated by org.testng.reporters.JUnitReportReporter -->
<testsuite hostname="Vamsi" failures="0" tests="1" name="using.testng.CreateContactWithOrgTest" time="12.832" errors="0" timestamp="2025-07-05T10:16:34 IST" skipped="0">
  <testcase classname="using.testng.CreateContactWithOrgTest" name="createContactWithOrg_Test" time="12.832"/>
  <system-out/>
</testsuite> <!-- using.testng.CreateContactWithOrgTest -->
