<?xml version="1.0" encoding="UTF-8"?>
<!-- Generated by org.testng.reporters.JUnitReportReporter -->
<testsuite hostname="Vamsi" failures="0" tests="1" name="com.comcast.crm.createcontact.CreateContactTest" time="7.951" errors="0" timestamp="2025-07-07T17:04:31 IST" skipped="0">
  <testcase classname="com.comcast.crm.createcontact.CreateContactTest" name="contact_Test" time="7.951"/>
  <system-out/>
</testsuite> <!-- com.comcast.crm.createcontact.CreateContactTest -->
